<?xml version="1.0" encoding="UTF-8"?>
<!-- Generated by org.testng.reporters.JUnitXMLReporter -->
<testsuite ignored="0" hostname="LAPTOP-T6FV17P0" failures="0" tests="4" name="Default test" time="42.647" errors="0" timestamp="2023-07-31T18:12:06 IST">
  <testcase classname="LUMA.Luma.Shopping" name="login" time="3.559"/>
  <testcase classname="LUMA.Luma.Shopping" name="selection" time="12.706"/>
  <testcase classname="LUMA.Luma.Shopping" name="cart" time="11.767"/>
  <testcase classname="LUMA.Luma.Shopping" name="payment" time="9.373"/>
</testsuite> <!-- Default test -->
