<?xml version="1.0" encoding="UTF-8"?>
<testng-results ignored="0" total="4" passed="4" failed="0" skipped="0">
  <reporter-output>
  </reporter-output>
  <suite started-at="2023-07-31T18:11:23 IST" name="Default suite" finished-at="2023-07-31T18:12:06 IST" duration-ms="42647">
    <groups>
    </groups>
    <test started-at="2023-07-31T18:11:23 IST" name="Default test" finished-at="2023-07-31T18:12:06 IST" duration-ms="42647">
      <class name="LUMA.Luma.Shopping">
        <test-method is-config="true" signature="setup()[pri:0, instance:LUMA.Luma.Shopping@7f485fda]" started-at="2023-07-31T18:11:23 IST" name="setup" finished-at="2023-07-31T18:11:28 IST" duration-ms="4736" status="PASS">
          <reporter-output>
          </reporter-output>
        </test-method> <!-- setup -->
        <test-method signature="login()[pri:1, instance:LUMA.Luma.Shopping@7f485fda]" started-at="2023-07-31T18:11:28 IST" name="login" finished-at="2023-07-31T18:11:32 IST" duration-ms="3559" status="PASS">
          <reporter-output>
          </reporter-output>
        </test-method> <!-- login -->
        <test-method signature="selection()[pri:2, instance:LUMA.Luma.Shopping@7f485fda]" started-at="2023-07-31T18:11:32 IST" name="selection" finished-at="2023-07-31T18:11:45 IST" duration-ms="12706" status="PASS">
          <reporter-output>
          </reporter-output>
        </test-method> <!-- selection -->
        <test-method signature="cart()[pri:3, instance:LUMA.Luma.Shopping@7f485fda]" started-at="2023-07-31T18:11:45 IST" name="cart" finished-at="2023-07-31T18:11:56 IST" duration-ms="11767" status="PASS">
          <reporter-output>
          </reporter-output>
        </test-method> <!-- cart -->
        <test-method signature="payment()[pri:4, instance:LUMA.Luma.Shopping@7f485fda]" started-at="2023-07-31T18:11:56 IST" name="payment" finished-at="2023-07-31T18:12:06 IST" duration-ms="9373" status="PASS">
          <reporter-output>
          </reporter-output>
        </test-method> <!-- payment -->
        <test-method is-config="true" signature="quit()[pri:0, instance:LUMA.Luma.Shopping@7f485fda]" started-at="2023-07-31T18:12:06 IST" name="quit" finished-at="2023-07-31T18:12:06 IST" duration-ms="441" status="PASS">
          <reporter-output>
          </reporter-output>
        </test-method> <!-- quit -->
      </class> <!-- LUMA.Luma.Shopping -->
    </test> <!-- Default test -->
  </suite> <!-- Default suite -->
</testng-results>
